{"/home/ubuntu/frontend-project-lvl2/scr/index.js": {"path":"/home/ubuntu/frontend-project-lvl2/scr/index.js","all":false,"statementMap":{"0":{"start":{"line":1,"column":0},"end":{"line":1,"column":49}},"1":{"start":{"line":2,"column":0},"end":{"line":2,"column":46}},"2":{"start":{"line":3,"column":0},"end":{"line":3,"column":54}},"3":{"start":{"line":4,"column":0},"end":{"line":4,"column":0}},"4":{"start":{"line":5,"column":0},"end":{"line":5,"column":40}},"5":{"start":{"line":6,"column":0},"end":{"line":6,"column":34}},"6":{"start":{"line":7,"column":0},"end":{"line":7,"column":34}},"7":{"start":{"line":8,"column":0},"end":{"line":8,"column":0}},"8":{"start":{"line":9,"column":0},"end":{"line":9,"column":45}},"9":{"start":{"line":10,"column":0},"end":{"line":10,"column":0}},"10":{"start":{"line":11,"column":0},"end":{"line":11,"column":36}},"11":{"start":{"line":12,"column":0},"end":{"line":12,"column":1}},"12":{"start":{"line":13,"column":0},"end":{"line":13,"column":0}},"13":{"start":{"line":14,"column":0},"end":{"line":14,"column":23}}},"s":{"0":1,"1":1,"2":1,"3":1,"4":6,"5":6,"6":6,"7":6,"8":6,"9":6,"10":6,"11":6,"12":1,"13":1},"branchMap":{"0":{"type":"branch","line":5,"loc":{"start":{"line":5,"column":0},"end":{"line":12,"column":1}},"locations":[{"start":{"line":5,"column":0},"end":{"line":12,"column":1}}]}},"b":{"0":[6]},"fnMap":{"0":{"name":"gendiff","decl":{"start":{"line":5,"column":0},"end":{"line":12,"column":1}},"loc":{"start":{"line":5,"column":0},"end":{"line":12,"column":1}},"line":5}},"f":{"0":6}}
,"/home/ubuntu/frontend-project-lvl2/scr/formatters/buildNewObj.js": {"path":"/home/ubuntu/frontend-project-lvl2/scr/formatters/buildNewObj.js","all":false,"statementMap":{"0":{"start":{"line":1,"column":0},"end":{"line":1,"column":28}},"1":{"start":{"line":2,"column":0},"end":{"line":2,"column":0}},"2":{"start":{"line":3,"column":0},"end":{"line":3,"column":37}},"3":{"start":{"line":4,"column":0},"end":{"line":4,"column":81}},"4":{"start":{"line":5,"column":0},"end":{"line":5,"column":0}},"5":{"start":{"line":6,"column":0},"end":{"line":6,"column":28}},"6":{"start":{"line":7,"column":0},"end":{"line":7,"column":33}},"7":{"start":{"line":8,"column":0},"end":{"line":8,"column":54}},"8":{"start":{"line":9,"column":0},"end":{"line":9,"column":5}},"9":{"start":{"line":10,"column":0},"end":{"line":10,"column":33}},"10":{"start":{"line":11,"column":0},"end":{"line":11,"column":56}},"11":{"start":{"line":12,"column":0},"end":{"line":12,"column":5}},"12":{"start":{"line":13,"column":0},"end":{"line":13,"column":67}},"13":{"start":{"line":14,"column":0},"end":{"line":14,"column":79}},"14":{"start":{"line":15,"column":0},"end":{"line":15,"column":5}},"15":{"start":{"line":16,"column":0},"end":{"line":16,"column":48}},"16":{"start":{"line":17,"column":0},"end":{"line":17,"column":14}},"17":{"start":{"line":18,"column":0},"end":{"line":18,"column":67}},"18":{"start":{"line":19,"column":0},"end":{"line":19,"column":8}},"19":{"start":{"line":20,"column":0},"end":{"line":20,"column":5}},"20":{"start":{"line":21,"column":0},"end":{"line":21,"column":0}},"21":{"start":{"line":22,"column":0},"end":{"line":22,"column":56}},"22":{"start":{"line":23,"column":0},"end":{"line":23,"column":5}},"23":{"start":{"line":24,"column":0},"end":{"line":24,"column":2}},"24":{"start":{"line":25,"column":0},"end":{"line":25,"column":0}},"25":{"start":{"line":26,"column":0},"end":{"line":26,"column":27}}},"s":{"0":1,"1":1,"2":1,"3":30,"4":30,"5":30,"6":108,"7":30,"8":30,"9":108,"10":12,"11":12,"12":108,"13":24,"14":24,"15":108,"16":24,"17":24,"18":24,"19":24,"20":18,"21":18,"22":30,"23":30,"24":1,"25":1},"branchMap":{"0":{"type":"branch","line":3,"loc":{"start":{"line":3,"column":20},"end":{"line":24,"column":2}},"locations":[{"start":{"line":3,"column":20},"end":{"line":24,"column":2}}]},"1":{"type":"branch","line":6,"loc":{"start":{"line":6,"column":19},"end":{"line":23,"column":3}},"locations":[{"start":{"line":6,"column":19},"end":{"line":23,"column":3}}]},"2":{"type":"branch","line":7,"loc":{"start":{"line":7,"column":32},"end":{"line":9,"column":5}},"locations":[{"start":{"line":7,"column":32},"end":{"line":9,"column":5}}]},"3":{"type":"branch","line":9,"loc":{"start":{"line":9,"column":4},"end":{"line":10,"column":32}},"locations":[{"start":{"line":9,"column":4},"end":{"line":10,"column":32}}]},"4":{"type":"branch","line":10,"loc":{"start":{"line":10,"column":32},"end":{"line":12,"column":5}},"locations":[{"start":{"line":10,"column":32},"end":{"line":12,"column":5}}]},"5":{"type":"branch","line":12,"loc":{"start":{"line":12,"column":4},"end":{"line":13,"column":38}},"locations":[{"start":{"line":12,"column":4},"end":{"line":13,"column":38}}]},"6":{"type":"branch","line":13,"loc":{"start":{"line":13,"column":34},"end":{"line":13,"column":64}},"locations":[{"start":{"line":13,"column":34},"end":{"line":13,"column":64}}]},"7":{"type":"branch","line":13,"loc":{"start":{"line":13,"column":66},"end":{"line":15,"column":5}},"locations":[{"start":{"line":13,"column":66},"end":{"line":15,"column":5}}]},"8":{"type":"branch","line":15,"loc":{"start":{"line":15,"column":4},"end":{"line":16,"column":47}},"locations":[{"start":{"line":15,"column":4},"end":{"line":16,"column":47}}]},"9":{"type":"branch","line":16,"loc":{"start":{"line":16,"column":47},"end":{"line":20,"column":5}},"locations":[{"start":{"line":16,"column":47},"end":{"line":20,"column":5}}]},"10":{"type":"branch","line":20,"loc":{"start":{"line":20,"column":4},"end":{"line":23,"column":3}},"locations":[{"start":{"line":20,"column":4},"end":{"line":23,"column":3}}]}},"b":{"0":[30],"1":[108],"2":[30],"3":[78],"4":[12],"5":[66],"6":[30],"7":[24],"8":[42],"9":[24],"10":[18]},"fnMap":{"0":{"name":"buildNewObj","decl":{"start":{"line":3,"column":20},"end":{"line":24,"column":2}},"loc":{"start":{"line":3,"column":20},"end":{"line":24,"column":2}},"line":3}},"f":{"0":30}}
,"/home/ubuntu/frontend-project-lvl2/scr/formatters/index.js": {"path":"/home/ubuntu/frontend-project-lvl2/scr/formatters/index.js","all":false,"statementMap":{"0":{"start":{"line":1,"column":0},"end":{"line":1,"column":35}},"1":{"start":{"line":2,"column":0},"end":{"line":2,"column":31}},"2":{"start":{"line":3,"column":0},"end":{"line":3,"column":29}},"3":{"start":{"line":4,"column":0},"end":{"line":4,"column":0}},"4":{"start":{"line":5,"column":0},"end":{"line":5,"column":42}},"5":{"start":{"line":6,"column":0},"end":{"line":6,"column":26}},"6":{"start":{"line":7,"column":0},"end":{"line":7,"column":26}},"7":{"start":{"line":8,"column":0},"end":{"line":8,"column":3}},"8":{"start":{"line":9,"column":0},"end":{"line":9,"column":25}},"9":{"start":{"line":10,"column":0},"end":{"line":10,"column":25}},"10":{"start":{"line":11,"column":0},"end":{"line":11,"column":3}},"11":{"start":{"line":12,"column":0},"end":{"line":12,"column":26}},"12":{"start":{"line":13,"column":0},"end":{"line":13,"column":2}},"13":{"start":{"line":14,"column":0},"end":{"line":14,"column":0}},"14":{"start":{"line":15,"column":0},"end":{"line":15,"column":28}}},"s":{"0":1,"1":1,"2":1,"3":1,"4":1,"5":6,"6":2,"7":2,"8":6,"9":1,"10":1,"11":3,"12":3,"13":1,"14":1},"branchMap":{"0":{"type":"branch","line":5,"loc":{"start":{"line":5,"column":21},"end":{"line":13,"column":2}},"locations":[{"start":{"line":5,"column":21},"end":{"line":13,"column":2}}]},"1":{"type":"branch","line":6,"loc":{"start":{"line":6,"column":25},"end":{"line":8,"column":3}},"locations":[{"start":{"line":6,"column":25},"end":{"line":8,"column":3}}]},"2":{"type":"branch","line":8,"loc":{"start":{"line":8,"column":2},"end":{"line":9,"column":24}},"locations":[{"start":{"line":8,"column":2},"end":{"line":9,"column":24}}]},"3":{"type":"branch","line":9,"loc":{"start":{"line":9,"column":24},"end":{"line":11,"column":3}},"locations":[{"start":{"line":9,"column":24},"end":{"line":11,"column":3}}]},"4":{"type":"branch","line":11,"loc":{"start":{"line":11,"column":2},"end":{"line":13,"column":2}},"locations":[{"start":{"line":11,"column":2},"end":{"line":13,"column":2}}]}},"b":{"0":[6],"1":[2],"2":[4],"3":[1],"4":[3]},"fnMap":{"0":{"name":"selectFormat","decl":{"start":{"line":5,"column":21},"end":{"line":13,"column":2}},"loc":{"start":{"line":5,"column":21},"end":{"line":13,"column":2}},"line":5}},"f":{"0":6}}
,"/home/ubuntu/frontend-project-lvl2/scr/formatters/json.js": {"path":"/home/ubuntu/frontend-project-lvl2/scr/formatters/json.js","all":false,"statementMap":{"0":{"start":{"line":1,"column":0},"end":{"line":1,"column":42}},"1":{"start":{"line":2,"column":0},"end":{"line":2,"column":0}},"2":{"start":{"line":3,"column":0},"end":{"line":3,"column":20}}},"s":{"0":1,"1":1,"2":1},"branchMap":{"0":{"type":"branch","line":1,"loc":{"start":{"line":1,"column":14},"end":{"line":1,"column":41}},"locations":[{"start":{"line":1,"column":14},"end":{"line":1,"column":41}}]}},"b":{"0":[1]},"fnMap":{"0":{"name":"json","decl":{"start":{"line":1,"column":14},"end":{"line":1,"column":41}},"loc":{"start":{"line":1,"column":14},"end":{"line":1,"column":41}},"line":1}},"f":{"0":1}}
,"/home/ubuntu/frontend-project-lvl2/scr/formatters/parses.js": {"path":"/home/ubuntu/frontend-project-lvl2/scr/formatters/parses.js","all":false,"statementMap":{"0":{"start":{"line":1,"column":0},"end":{"line":1,"column":20}},"1":{"start":{"line":2,"column":0},"end":{"line":2,"column":29}},"2":{"start":{"line":3,"column":0},"end":{"line":3,"column":59}},"3":{"start":{"line":4,"column":0},"end":{"line":4,"column":0}},"4":{"start":{"line":5,"column":0},"end":{"line":5,"column":32}},"5":{"start":{"line":6,"column":0},"end":{"line":6,"column":115}},"6":{"start":{"line":7,"column":0},"end":{"line":7,"column":103}},"7":{"start":{"line":8,"column":0},"end":{"line":8,"column":45}},"8":{"start":{"line":9,"column":0},"end":{"line":9,"column":2}},"9":{"start":{"line":10,"column":0},"end":{"line":10,"column":0}},"10":{"start":{"line":11,"column":0},"end":{"line":11,"column":24}}},"s":{"0":1,"1":1,"2":1,"3":1,"4":1,"5":12,"6":12,"7":12,"8":12,"9":1,"10":1},"branchMap":{"0":{"type":"branch","line":5,"loc":{"start":{"line":5,"column":18},"end":{"line":9,"column":2}},"locations":[{"start":{"line":5,"column":18},"end":{"line":9,"column":2}}]}},"b":{"0":[12]},"fnMap":{"0":{"name":"takeData","decl":{"start":{"line":5,"column":18},"end":{"line":9,"column":2}},"loc":{"start":{"line":5,"column":18},"end":{"line":9,"column":2}},"line":5}},"f":{"0":12}}
,"/home/ubuntu/frontend-project-lvl2/scr/formatters/plain.js": {"path":"/home/ubuntu/frontend-project-lvl2/scr/formatters/plain.js","all":false,"statementMap":{"0":{"start":{"line":1,"column":0},"end":{"line":1,"column":28}},"1":{"start":{"line":2,"column":0},"end":{"line":2,"column":0}},"2":{"start":{"line":3,"column":0},"end":{"line":3,"column":30}},"3":{"start":{"line":4,"column":0},"end":{"line":4,"column":31}},"4":{"start":{"line":5,"column":0},"end":{"line":5,"column":29}},"5":{"start":{"line":6,"column":0},"end":{"line":6,"column":3}},"6":{"start":{"line":7,"column":0},"end":{"line":7,"column":55}},"7":{"start":{"line":8,"column":0},"end":{"line":8,"column":2}},"8":{"start":{"line":9,"column":0},"end":{"line":9,"column":0}},"9":{"start":{"line":10,"column":0},"end":{"line":10,"column":28}},"10":{"start":{"line":11,"column":0},"end":{"line":11,"column":57}},"11":{"start":{"line":12,"column":0},"end":{"line":12,"column":51}},"12":{"start":{"line":13,"column":0},"end":{"line":13,"column":0}},"13":{"start":{"line":14,"column":0},"end":{"line":14,"column":35}},"14":{"start":{"line":15,"column":0},"end":{"line":15,"column":86}},"15":{"start":{"line":16,"column":0},"end":{"line":16,"column":5}},"16":{"start":{"line":17,"column":0},"end":{"line":17,"column":37}},"17":{"start":{"line":18,"column":0},"end":{"line":18,"column":48}},"18":{"start":{"line":19,"column":0},"end":{"line":19,"column":5}},"19":{"start":{"line":20,"column":0},"end":{"line":20,"column":39}},"20":{"start":{"line":21,"column":0},"end":{"line":21,"column":16}},"21":{"start":{"line":22,"column":0},"end":{"line":22,"column":5}},"22":{"start":{"line":23,"column":0},"end":{"line":23,"column":37}},"23":{"start":{"line":24,"column":0},"end":{"line":24,"column":115}},"24":{"start":{"line":25,"column":0},"end":{"line":25,"column":5}},"25":{"start":{"line":26,"column":0},"end":{"line":26,"column":36}},"26":{"start":{"line":27,"column":0},"end":{"line":27,"column":57}},"27":{"start":{"line":28,"column":0},"end":{"line":28,"column":5}},"28":{"start":{"line":29,"column":0},"end":{"line":29,"column":0}},"29":{"start":{"line":30,"column":0},"end":{"line":30,"column":48}},"30":{"start":{"line":31,"column":0},"end":{"line":31,"column":5}},"31":{"start":{"line":32,"column":0},"end":{"line":32,"column":0}},"32":{"start":{"line":33,"column":0},"end":{"line":33,"column":40}},"33":{"start":{"line":34,"column":0},"end":{"line":34,"column":0}},"34":{"start":{"line":35,"column":0},"end":{"line":35,"column":37}},"35":{"start":{"line":36,"column":0},"end":{"line":36,"column":2}},"36":{"start":{"line":37,"column":0},"end":{"line":37,"column":0}},"37":{"start":{"line":38,"column":0},"end":{"line":38,"column":21}}},"s":{"0":1,"1":1,"2":1,"3":26,"4":6,"5":6,"6":26,"7":26,"8":1,"9":1,"10":2,"11":36,"12":36,"13":36,"14":10,"15":10,"16":36,"17":4,"18":4,"19":36,"20":6,"21":6,"22":36,"23":8,"24":8,"25":8,"26":8,"27":8,"28":0,"29":0,"30":2,"31":2,"32":2,"33":2,"34":2,"35":2,"36":1,"37":1},"branchMap":{"0":{"type":"branch","line":3,"loc":{"start":{"line":3,"column":19},"end":{"line":8,"column":2}},"locations":[{"start":{"line":3,"column":19},"end":{"line":8,"column":2}}]},"1":{"type":"branch","line":4,"loc":{"start":{"line":4,"column":30},"end":{"line":6,"column":3}},"locations":[{"start":{"line":4,"column":30},"end":{"line":6,"column":3}}]},"2":{"type":"branch","line":6,"loc":{"start":{"line":6,"column":2},"end":{"line":7,"column":35}},"locations":[{"start":{"line":6,"column":2},"end":{"line":7,"column":35}}]},"3":{"type":"branch","line":7,"loc":{"start":{"line":7,"column":31},"end":{"line":7,"column":46}},"locations":[{"start":{"line":7,"column":31},"end":{"line":7,"column":46}}]},"4":{"type":"branch","line":7,"loc":{"start":{"line":7,"column":46},"end":{"line":7,"column":54}},"locations":[{"start":{"line":7,"column":46},"end":{"line":7,"column":54}}]},"5":{"type":"branch","line":10,"loc":{"start":{"line":10,"column":15},"end":{"line":36,"column":2}},"locations":[{"start":{"line":10,"column":15},"end":{"line":36,"column":2}}]},"6":{"type":"branch","line":11,"loc":{"start":{"line":11,"column":15},"end":{"line":31,"column":4}},"locations":[{"start":{"line":11,"column":15},"end":{"line":31,"column":4}}]},"7":{"type":"branch","line":11,"loc":{"start":{"line":11,"column":44},"end":{"line":31,"column":3}},"locations":[{"start":{"line":11,"column":44},"end":{"line":31,"column":3}}]},"8":{"type":"branch","line":14,"loc":{"start":{"line":14,"column":34},"end":{"line":16,"column":5}},"locations":[{"start":{"line":14,"column":34},"end":{"line":16,"column":5}}]},"9":{"type":"branch","line":16,"loc":{"start":{"line":16,"column":4},"end":{"line":17,"column":36}},"locations":[{"start":{"line":16,"column":4},"end":{"line":17,"column":36}}]},"10":{"type":"branch","line":17,"loc":{"start":{"line":17,"column":36},"end":{"line":19,"column":5}},"locations":[{"start":{"line":17,"column":36},"end":{"line":19,"column":5}}]},"11":{"type":"branch","line":19,"loc":{"start":{"line":19,"column":4},"end":{"line":20,"column":38}},"locations":[{"start":{"line":19,"column":4},"end":{"line":20,"column":38}}]},"12":{"type":"branch","line":20,"loc":{"start":{"line":20,"column":38},"end":{"line":22,"column":5}},"locations":[{"start":{"line":20,"column":38},"end":{"line":22,"column":5}}]},"13":{"type":"branch","line":22,"loc":{"start":{"line":22,"column":4},"end":{"line":23,"column":36}},"locations":[{"start":{"line":22,"column":4},"end":{"line":23,"column":36}}]},"14":{"type":"branch","line":23,"loc":{"start":{"line":23,"column":36},"end":{"line":28,"column":5}},"locations":[{"start":{"line":23,"column":36},"end":{"line":28,"column":5}}]},"15":{"type":"branch","line":28,"loc":{"start":{"line":28,"column":4},"end":{"line":31,"column":3}},"locations":[{"start":{"line":28,"column":4},"end":{"line":31,"column":3}}]}},"b":{"0":[26],"1":[6],"2":[20],"3":[14],"4":[6],"5":[2],"6":[10],"7":[36],"8":[10],"9":[26],"10":[4],"11":[22],"12":[6],"13":[16],"14":[8],"15":[0]},"fnMap":{"0":{"name":"stringify","decl":{"start":{"line":3,"column":19},"end":{"line":8,"column":2}},"loc":{"start":{"line":3,"column":19},"end":{"line":8,"column":2}},"line":3},"1":{"name":"plain","decl":{"start":{"line":10,"column":15},"end":{"line":36,"column":2}},"loc":{"start":{"line":10,"column":15},"end":{"line":36,"column":2}},"line":10},"2":{"name":"styl","decl":{"start":{"line":11,"column":15},"end":{"line":31,"column":4}},"loc":{"start":{"line":11,"column":15},"end":{"line":31,"column":4}},"line":11}},"f":{"0":26,"1":2,"2":10}}
,"/home/ubuntu/frontend-project-lvl2/scr/formatters/selectFileExtension.js": {"path":"/home/ubuntu/frontend-project-lvl2/scr/formatters/selectFileExtension.js","all":false,"statementMap":{"0":{"start":{"line":1,"column":0},"end":{"line":1,"column":27}},"1":{"start":{"line":2,"column":0},"end":{"line":2,"column":24}},"2":{"start":{"line":3,"column":0},"end":{"line":3,"column":0}},"3":{"start":{"line":4,"column":0},"end":{"line":4,"column":49}},"4":{"start":{"line":5,"column":0},"end":{"line":5,"column":43}},"5":{"start":{"line":6,"column":0},"end":{"line":6,"column":91}},"6":{"start":{"line":7,"column":0},"end":{"line":7,"column":15}},"7":{"start":{"line":8,"column":0},"end":{"line":8,"column":3}},"8":{"start":{"line":9,"column":0},"end":{"line":9,"column":0}},"9":{"start":{"line":10,"column":0},"end":{"line":10,"column":80}},"10":{"start":{"line":11,"column":0},"end":{"line":11,"column":86}},"11":{"start":{"line":12,"column":0},"end":{"line":12,"column":15}},"12":{"start":{"line":13,"column":0},"end":{"line":13,"column":3}},"13":{"start":{"line":14,"column":0},"end":{"line":14,"column":51}},"14":{"start":{"line":15,"column":0},"end":{"line":15,"column":2}},"15":{"start":{"line":16,"column":0},"end":{"line":16,"column":0}},"16":{"start":{"line":17,"column":0},"end":{"line":17,"column":35}}},"s":{"0":1,"1":1,"2":1,"3":1,"4":12,"5":7,"6":7,"7":7,"8":5,"9":12,"10":5,"11":5,"12":5,"13":0,"14":0,"15":1,"16":1},"branchMap":{"0":{"type":"branch","line":4,"loc":{"start":{"line":4,"column":28},"end":{"line":15,"column":2}},"locations":[{"start":{"line":4,"column":28},"end":{"line":15,"column":2}}]},"1":{"type":"branch","line":5,"loc":{"start":{"line":5,"column":42},"end":{"line":8,"column":3}},"locations":[{"start":{"line":5,"column":42},"end":{"line":8,"column":3}}]},"2":{"type":"branch","line":8,"loc":{"start":{"line":8,"column":2},"end":{"line":10,"column":43}},"locations":[{"start":{"line":8,"column":2},"end":{"line":10,"column":43}}]},"3":{"type":"branch","line":10,"loc":{"start":{"line":10,"column":39},"end":{"line":10,"column":77}},"locations":[{"start":{"line":10,"column":39},"end":{"line":10,"column":77}}]},"4":{"type":"branch","line":10,"loc":{"start":{"line":10,"column":79},"end":{"line":13,"column":3}},"locations":[{"start":{"line":10,"column":79},"end":{"line":13,"column":3}}]},"5":{"type":"branch","line":13,"loc":{"start":{"line":13,"column":2},"end":{"line":15,"column":2}},"locations":[{"start":{"line":13,"column":2},"end":{"line":15,"column":2}}]}},"b":{"0":[12],"1":[7],"2":[5],"3":[2],"4":[5],"5":[0]},"fnMap":{"0":{"name":"selectFileExtension","decl":{"start":{"line":4,"column":28},"end":{"line":15,"column":2}},"loc":{"start":{"line":4,"column":28},"end":{"line":15,"column":2}},"line":4}},"f":{"0":12}}
,"/home/ubuntu/frontend-project-lvl2/scr/formatters/stylish.js": {"path":"/home/ubuntu/frontend-project-lvl2/scr/formatters/stylish.js","all":false,"statementMap":{"0":{"start":{"line":1,"column":0},"end":{"line":1,"column":28}},"1":{"start":{"line":2,"column":0},"end":{"line":2,"column":0}},"2":{"start":{"line":3,"column":0},"end":{"line":3,"column":58}},"3":{"start":{"line":4,"column":0},"end":{"line":4,"column":38}},"4":{"start":{"line":5,"column":0},"end":{"line":5,"column":28}},"5":{"start":{"line":6,"column":0},"end":{"line":6,"column":3}},"6":{"start":{"line":7,"column":0},"end":{"line":7,"column":0}},"7":{"start":{"line":8,"column":0},"end":{"line":8,"column":50}},"8":{"start":{"line":9,"column":0},"end":{"line":9,"column":47}},"9":{"start":{"line":10,"column":0},"end":{"line":10,"column":0}},"10":{"start":{"line":11,"column":0},"end":{"line":11,"column":127}},"11":{"start":{"line":12,"column":0},"end":{"line":12,"column":0}},"12":{"start":{"line":13,"column":0},"end":{"line":13,"column":55}},"13":{"start":{"line":14,"column":0},"end":{"line":14,"column":2}},"14":{"start":{"line":15,"column":0},"end":{"line":15,"column":0}},"15":{"start":{"line":16,"column":0},"end":{"line":16,"column":15}},"16":{"start":{"line":17,"column":0},"end":{"line":17,"column":43}},"17":{"start":{"line":18,"column":0},"end":{"line":18,"column":2}},"18":{"start":{"line":19,"column":0},"end":{"line":19,"column":0}},"19":{"start":{"line":20,"column":0},"end":{"line":20,"column":49}},"20":{"start":{"line":21,"column":0},"end":{"line":21,"column":29}},"21":{"start":{"line":22,"column":0},"end":{"line":22,"column":44}},"22":{"start":{"line":23,"column":0},"end":{"line":23,"column":44}},"23":{"start":{"line":24,"column":0},"end":{"line":24,"column":0}},"24":{"start":{"line":25,"column":0},"end":{"line":25,"column":44}},"25":{"start":{"line":26,"column":0},"end":{"line":26,"column":0}},"26":{"start":{"line":27,"column":0},"end":{"line":27,"column":38}},"27":{"start":{"line":28,"column":0},"end":{"line":28,"column":96}},"28":{"start":{"line":29,"column":0},"end":{"line":29,"column":7}},"29":{"start":{"line":30,"column":0},"end":{"line":30,"column":0}},"30":{"start":{"line":31,"column":0},"end":{"line":31,"column":37}},"31":{"start":{"line":32,"column":0},"end":{"line":32,"column":52}},"32":{"start":{"line":33,"column":0},"end":{"line":33,"column":7}},"33":{"start":{"line":34,"column":0},"end":{"line":34,"column":39}},"34":{"start":{"line":35,"column":0},"end":{"line":35,"column":54}},"35":{"start":{"line":36,"column":0},"end":{"line":36,"column":7}},"36":{"start":{"line":37,"column":0},"end":{"line":37,"column":41}},"37":{"start":{"line":38,"column":0},"end":{"line":38,"column":56}},"38":{"start":{"line":39,"column":0},"end":{"line":39,"column":7}},"39":{"start":{"line":40,"column":0},"end":{"line":40,"column":39}},"40":{"start":{"line":41,"column":0},"end":{"line":41,"column":61}},"41":{"start":{"line":42,"column":0},"end":{"line":42,"column":65}},"42":{"start":{"line":43,"column":0},"end":{"line":43,"column":7}},"43":{"start":{"line":44,"column":0},"end":{"line":44,"column":38}},"44":{"start":{"line":45,"column":0},"end":{"line":45,"column":111}},"45":{"start":{"line":46,"column":0},"end":{"line":46,"column":7}},"46":{"start":{"line":47,"column":0},"end":{"line":47,"column":34}},"47":{"start":{"line":48,"column":0},"end":{"line":48,"column":7}},"48":{"start":{"line":49,"column":0},"end":{"line":49,"column":21}},"49":{"start":{"line":50,"column":0},"end":{"line":50,"column":3}},"50":{"start":{"line":51,"column":0},"end":{"line":51,"column":39}},"51":{"start":{"line":52,"column":0},"end":{"line":52,"column":0}},"52":{"start":{"line":53,"column":0},"end":{"line":53,"column":49}},"53":{"start":{"line":54,"column":0},"end":{"line":54,"column":2}},"54":{"start":{"line":55,"column":0},"end":{"line":55,"column":0}},"55":{"start":{"line":56,"column":0},"end":{"line":56,"column":23}}},"s":{"0":1,"1":1,"2":1,"3":81,"4":60,"5":60,"6":21,"7":21,"8":21,"9":21,"10":21,"11":21,"12":21,"13":21,"14":1,"15":1,"16":1,"17":1,"18":1,"19":1,"20":3,"21":15,"22":54,"23":54,"24":54,"25":54,"26":54,"27":54,"28":54,"29":54,"30":54,"31":15,"32":15,"33":54,"34":6,"35":6,"36":54,"37":9,"38":9,"39":54,"40":12,"41":12,"42":12,"43":12,"44":12,"45":12,"46":0,"47":15,"48":15,"49":15,"50":3,"51":3,"52":3,"53":3,"54":1,"55":1},"branchMap":{"0":{"type":"branch","line":3,"loc":{"start":{"line":3,"column":18},"end":{"line":14,"column":2}},"locations":[{"start":{"line":3,"column":18},"end":{"line":14,"column":2}}]},"1":{"type":"branch","line":4,"loc":{"start":{"line":4,"column":37},"end":{"line":6,"column":3}},"locations":[{"start":{"line":4,"column":37},"end":{"line":6,"column":3}}]},"2":{"type":"branch","line":6,"loc":{"start":{"line":6,"column":2},"end":{"line":14,"column":2}},"locations":[{"start":{"line":6,"column":2},"end":{"line":14,"column":2}}]},"3":{"type":"branch","line":11,"loc":{"start":{"line":11,"column":46},"end":{"line":11,"column":125}},"locations":[{"start":{"line":11,"column":46},"end":{"line":11,"column":125}}]},"4":{"type":"branch","line":20,"loc":{"start":{"line":20,"column":16},"end":{"line":54,"column":2}},"locations":[{"start":{"line":20,"column":16},"end":{"line":54,"column":2}}]},"5":{"type":"branch","line":21,"loc":{"start":{"line":21,"column":2},"end":{"line":50,"column":3}},"locations":[{"start":{"line":21,"column":2},"end":{"line":50,"column":3}}]},"6":{"type":"branch","line":22,"loc":{"start":{"line":22,"column":31},"end":{"line":48,"column":5}},"locations":[{"start":{"line":22,"column":31},"end":{"line":48,"column":5}}]},"7":{"type":"branch","line":31,"loc":{"start":{"line":31,"column":36},"end":{"line":33,"column":7}},"locations":[{"start":{"line":31,"column":36},"end":{"line":33,"column":7}}]},"8":{"type":"branch","line":33,"loc":{"start":{"line":33,"column":6},"end":{"line":34,"column":38}},"locations":[{"start":{"line":33,"column":6},"end":{"line":34,"column":38}}]},"9":{"type":"branch","line":34,"loc":{"start":{"line":34,"column":38},"end":{"line":36,"column":7}},"locations":[{"start":{"line":34,"column":38},"end":{"line":36,"column":7}}]},"10":{"type":"branch","line":36,"loc":{"start":{"line":36,"column":6},"end":{"line":37,"column":40}},"locations":[{"start":{"line":36,"column":6},"end":{"line":37,"column":40}}]},"11":{"type":"branch","line":37,"loc":{"start":{"line":37,"column":40},"end":{"line":39,"column":7}},"locations":[{"start":{"line":37,"column":40},"end":{"line":39,"column":7}}]},"12":{"type":"branch","line":39,"loc":{"start":{"line":39,"column":6},"end":{"line":40,"column":38}},"locations":[{"start":{"line":39,"column":6},"end":{"line":40,"column":38}}]},"13":{"type":"branch","line":40,"loc":{"start":{"line":40,"column":38},"end":{"line":46,"column":7}},"locations":[{"start":{"line":40,"column":38},"end":{"line":46,"column":7}}]},"14":{"type":"branch","line":46,"loc":{"start":{"line":46,"column":6},"end":{"line":48,"column":5}},"locations":[{"start":{"line":46,"column":6},"end":{"line":48,"column":5}}]},"15":{"type":"branch","line":27,"loc":{"start":{"line":27,"column":6},"end":{"line":29,"column":7}},"locations":[{"start":{"line":27,"column":6},"end":{"line":29,"column":7}}]}},"b":{"0":[81],"1":[60],"2":[21],"3":[27],"4":[3],"5":[15],"6":[54],"7":[15],"8":[39],"9":[6],"10":[33],"11":[9],"12":[24],"13":[12],"14":[0],"15":[54]},"fnMap":{"0":{"name":"stringify","decl":{"start":{"line":3,"column":18},"end":{"line":14,"column":2}},"loc":{"start":{"line":3,"column":18},"end":{"line":14,"column":2}},"line":3},"1":{"name":"stylish","decl":{"start":{"line":20,"column":16},"end":{"line":54,"column":2}},"loc":{"start":{"line":20,"column":16},"end":{"line":54,"column":2}},"line":20},"2":{"name":"styl","decl":{"start":{"line":21,"column":2},"end":{"line":50,"column":3}},"loc":{"start":{"line":21,"column":2},"end":{"line":50,"column":3}},"line":21},"3":{"name":"makeLine","decl":{"start":{"line":27,"column":6},"end":{"line":29,"column":7}},"loc":{"start":{"line":27,"column":6},"end":{"line":29,"column":7}},"line":27}},"f":{"0":81,"1":3,"2":15,"3":54}}
}
