TN:
SF:scr/index.js
FN:5,gendiff
FNF:1
FNH:1
FNDA:6,gendiff
DA:6,6
DA:7,6
DA:9,6
DA:11,6
LF:4
LH:4
BRF:0
BRH:0
end_of_record
TN:
SF:scr/formatters/buildNewObj.js
FN:3,(anonymous_0)
FN:6,(anonymous_1)
FNF:2
FNH:2
FNDA:30,(anonymous_0)
FNDA:108,(anonymous_1)
DA:3,1
DA:4,30
DA:6,30
DA:7,108
DA:8,30
DA:10,78
DA:11,12
DA:13,66
DA:14,24
DA:16,42
DA:17,24
DA:22,18
LF:12
LH:12
BRDA:7,0,0,30
BRDA:7,0,1,78
BRDA:10,1,0,12
BRDA:10,1,1,66
BRDA:13,2,0,24
BRDA:13,2,1,42
BRDA:13,3,0,66
BRDA:13,3,1,30
BRDA:16,4,0,24
BRDA:16,4,1,18
BRF:10
BRH:10
end_of_record
TN:
SF:scr/formatters/index.js
FN:5,(anonymous_0)
FNF:1
FNH:1
FNDA:6,(anonymous_0)
DA:5,1
DA:6,6
DA:7,2
DA:9,4
DA:10,1
DA:12,3
LF:6
LH:6
BRDA:6,0,0,2
BRDA:6,0,1,4
BRDA:9,1,0,1
BRDA:9,1,1,3
BRF:4
BRH:4
end_of_record
TN:
SF:scr/formatters/json.js
FN:1,(anonymous_0)
FNF:1
FNH:1
FNDA:1,(anonymous_0)
DA:1,1
LF:1
LH:1
BRF:0
BRH:0
end_of_record
TN:
SF:scr/formatters/parses.js
FN:5,(anonymous_0)
FNF:1
FNH:1
FNDA:12,(anonymous_0)
DA:5,1
DA:6,12
DA:7,12
DA:8,12
LF:4
LH:4
BRF:0
BRH:0
end_of_record
TN:
SF:scr/formatters/plain.js
FN:3,(anonymous_0)
FN:10,(anonymous_1)
FN:11,(anonymous_2)
FN:11,(anonymous_3)
FNF:4
FNH:4
FNDA:26,(anonymous_0)
FNDA:2,(anonymous_1)
FNDA:10,(anonymous_2)
FNDA:36,(anonymous_3)
DA:3,1
DA:4,26
DA:5,6
DA:7,20
DA:10,1
DA:11,10
DA:12,36
DA:14,36
DA:15,10
DA:17,26
DA:18,4
DA:20,22
DA:21,6
DA:23,16
DA:24,8
DA:26,8
DA:27,8
DA:30,0
DA:33,2
DA:35,2
LF:20
LH:19
BRDA:4,0,0,6
BRDA:4,0,1,20
BRDA:7,1,0,14
BRDA:7,1,1,6
BRDA:14,2,0,10
BRDA:14,2,1,26
BRDA:17,3,0,4
BRDA:17,3,1,22
BRDA:20,4,0,6
BRDA:20,4,1,16
BRDA:23,5,0,8
BRDA:23,5,1,8
BRDA:26,6,0,8
BRDA:26,6,1,0
BRF:14
BRH:13
end_of_record
TN:
SF:scr/formatters/selectFileExtension.js
FN:4,(anonymous_0)
FNF:1
FNH:1
FNDA:12,(anonymous_0)
DA:4,1
DA:5,12
DA:6,7
DA:7,7
DA:10,5
DA:11,5
DA:12,5
DA:14,0
LF:8
LH:7
BRDA:5,0,0,7
BRDA:5,0,1,5
BRDA:10,1,0,5
BRDA:10,1,1,0
BRDA:10,2,0,5
BRDA:10,2,1,2
BRF:6
BRH:5
end_of_record
TN:
SF:scr/formatters/stylish.js
FN:3,(anonymous_0)
FN:11,(anonymous_1)
FN:20,(anonymous_2)
FN:21,styl
FN:22,(anonymous_4)
FN:27,makeLine
FNF:6
FNH:6
FNDA:81,(anonymous_0)
FNDA:27,(anonymous_1)
FNDA:3,(anonymous_2)
FNDA:15,styl
FNDA:54,(anonymous_4)
FNDA:54,makeLine
DA:3,1
DA:4,81
DA:5,60
DA:8,21
DA:9,21
DA:11,27
DA:13,21
DA:16,1
DA:20,1
DA:22,15
DA:23,54
DA:25,54
DA:28,54
DA:31,54
DA:32,15
DA:34,39
DA:35,6
DA:37,33
DA:38,9
DA:40,24
DA:41,12
DA:44,12
DA:45,12
DA:47,0
DA:49,15
DA:51,3
DA:53,3
LF:27
LH:26
BRDA:3,0,0,0
BRDA:4,1,0,60
BRDA:4,1,1,21
BRDA:20,2,0,3
BRDA:31,3,0,15
BRDA:31,3,1,39
BRDA:34,4,0,6
BRDA:34,4,1,33
BRDA:37,5,0,9
BRDA:37,5,1,24
BRDA:40,6,0,12
BRDA:40,6,1,12
BRDA:44,7,0,12
BRDA:44,7,1,0
BRF:14
BRH:12
end_of_record
