TN:
SF:scr/index.js
FN:5,gendiff
FNF:1
FNH:1
FNDA:6,gendiff
DA:1,1
DA:2,1
DA:3,1
DA:4,1
DA:5,6
DA:6,6
DA:7,6
DA:8,6
DA:9,6
DA:10,6
DA:11,6
DA:12,6
DA:13,1
DA:14,1
LF:14
LH:14
BRDA:5,0,0,6
BRF:1
BRH:1
end_of_record
TN:
SF:scr/formatters/buildNewObj.js
FN:3,buildNewObj
FNF:1
FNH:1
FNDA:30,buildNewObj
DA:1,1
DA:2,1
DA:3,1
DA:4,30
DA:5,30
DA:6,30
DA:7,108
DA:8,30
DA:9,30
DA:10,108
DA:11,12
DA:12,12
DA:13,108
DA:14,24
DA:15,24
DA:16,108
DA:17,24
DA:18,24
DA:19,24
DA:20,24
DA:21,18
DA:22,18
DA:23,30
DA:24,30
DA:25,1
DA:26,1
LF:26
LH:26
BRDA:3,0,0,30
BRDA:6,1,0,108
BRDA:7,2,0,30
BRDA:9,3,0,78
BRDA:10,4,0,12
BRDA:12,5,0,66
BRDA:13,6,0,30
BRDA:13,7,0,24
BRDA:15,8,0,42
BRDA:16,9,0,24
BRDA:20,10,0,18
BRF:11
BRH:11
end_of_record
TN:
SF:scr/formatters/index.js
FN:5,selectFormat
FNF:1
FNH:1
FNDA:6,selectFormat
DA:1,1
DA:2,1
DA:3,1
DA:4,1
DA:5,1
DA:6,6
DA:7,2
DA:8,2
DA:9,6
DA:10,1
DA:11,1
DA:12,3
DA:13,3
DA:14,1
DA:15,1
LF:15
LH:15
BRDA:5,0,0,6
BRDA:6,1,0,2
BRDA:8,2,0,4
BRDA:9,3,0,1
BRDA:11,4,0,3
BRF:5
BRH:5
end_of_record
TN:
SF:scr/formatters/json.js
FN:1,json
FNF:1
FNH:1
FNDA:1,json
DA:1,1
DA:2,1
DA:3,1
LF:3
LH:3
BRDA:1,0,0,1
BRF:1
BRH:1
end_of_record
TN:
SF:scr/formatters/parses.js
FN:5,takeData
FNF:1
FNH:1
FNDA:12,takeData
DA:1,1
DA:2,1
DA:3,1
DA:4,1
DA:5,1
DA:6,12
DA:7,12
DA:8,12
DA:9,12
DA:10,1
DA:11,1
LF:11
LH:11
BRDA:5,0,0,12
BRF:1
BRH:1
end_of_record
TN:
SF:scr/formatters/plain.js
FN:3,stringify
FN:10,plain
FN:11,styl
FNF:3
FNH:3
FNDA:26,stringify
FNDA:2,plain
FNDA:10,styl
DA:1,1
DA:2,1
DA:3,1
DA:4,26
DA:5,6
DA:6,6
DA:7,26
DA:8,26
DA:9,1
DA:10,1
DA:11,2
DA:12,36
DA:13,36
DA:14,36
DA:15,10
DA:16,10
DA:17,36
DA:18,4
DA:19,4
DA:20,36
DA:21,6
DA:22,6
DA:23,36
DA:24,8
DA:25,8
DA:26,8
DA:27,8
DA:28,8
DA:29,0
DA:30,0
DA:31,2
DA:32,2
DA:33,2
DA:34,2
DA:35,2
DA:36,2
DA:37,1
DA:38,1
LF:38
LH:36
BRDA:3,0,0,26
BRDA:4,1,0,6
BRDA:6,2,0,20
BRDA:7,3,0,14
BRDA:7,4,0,6
BRDA:10,5,0,2
BRDA:11,6,0,10
BRDA:11,7,0,36
BRDA:14,8,0,10
BRDA:16,9,0,26
BRDA:17,10,0,4
BRDA:19,11,0,22
BRDA:20,12,0,6
BRDA:22,13,0,16
BRDA:23,14,0,8
BRDA:28,15,0,0
BRF:16
BRH:15
end_of_record
TN:
SF:scr/formatters/selectFileExtension.js
FN:4,selectFileExtension
FNF:1
FNH:1
FNDA:12,selectFileExtension
DA:1,1
DA:2,1
DA:3,1
DA:4,1
DA:5,12
DA:6,7
DA:7,7
DA:8,7
DA:9,5
DA:10,12
DA:11,5
DA:12,5
DA:13,5
DA:14,0
DA:15,0
DA:16,1
DA:17,1
LF:17
LH:15
BRDA:4,0,0,12
BRDA:5,1,0,7
BRDA:8,2,0,5
BRDA:10,3,0,2
BRDA:10,4,0,5
BRDA:13,5,0,0
BRF:6
BRH:5
end_of_record
TN:
SF:scr/formatters/stylish.js
FN:3,stringify
FN:20,stylish
FN:21,styl
FN:27,makeLine
FNF:4
FNH:4
FNDA:81,stringify
FNDA:3,stylish
FNDA:15,styl
FNDA:54,makeLine
DA:1,1
DA:2,1
DA:3,1
DA:4,81
DA:5,60
DA:6,60
DA:7,21
DA:8,21
DA:9,21
DA:10,21
DA:11,21
DA:12,21
DA:13,21
DA:14,21
DA:15,1
DA:16,1
DA:17,1
DA:18,1
DA:19,1
DA:20,1
DA:21,3
DA:22,15
DA:23,54
DA:24,54
DA:25,54
DA:26,54
DA:27,54
DA:28,54
DA:29,54
DA:30,54
DA:31,54
DA:32,15
DA:33,15
DA:34,54
DA:35,6
DA:36,6
DA:37,54
DA:38,9
DA:39,9
DA:40,54
DA:41,12
DA:42,12
DA:43,12
DA:44,12
DA:45,12
DA:46,12
DA:47,0
DA:48,15
DA:49,15
DA:50,15
DA:51,3
DA:52,3
DA:53,3
DA:54,3
DA:55,1
DA:56,1
LF:56
LH:55
BRDA:3,0,0,81
BRDA:4,1,0,60
BRDA:6,2,0,21
BRDA:11,3,0,27
BRDA:20,4,0,3
BRDA:21,5,0,15
BRDA:22,6,0,54
BRDA:31,7,0,15
BRDA:33,8,0,39
BRDA:34,9,0,6
BRDA:36,10,0,33
BRDA:37,11,0,9
BRDA:39,12,0,24
BRDA:40,13,0,12
BRDA:46,14,0,0
BRDA:27,15,0,54
BRF:16
BRH:15
end_of_record
